<?xml version="1.0" encoding="UTF-8"?>
<testsuite xmlns:xsi="http://www.w3.org/2001/XMLSchema-instance" xsi:noNamespaceSchemaLocation="https://maven.apache.org/surefire/maven-surefire-plugin/xsd/surefire-test-report.xsd" name="ir.co.realtime.disaster.DisasterApplicationTests" time="5.486" tests="1" errors="1" skipped="0" failures="0">
  <properties>
[...]
</properties>
  <testcase name="contextLoads" classname="ir.co.realtime.disaster.DisasterApplicationTests" time="0.009">
    <error message="Failed to load ApplicationContext" type="java.lang.IllegalStateException">java.lang.IllegalStateException: Failed to load ApplicationContext
Caused by: org.springframework.beans.factory.BeanCreationException: Error creating bean with name 'entityManagerFactory' defined in class path resource [ir/co/realtime/disaster/register/spring/PersistenceJPAConfig.class]: Bean instantiation via factory method failed; nested exception is org.springframework.beans.BeanInstantiationException: Failed to instantiate [org.springframework.orm.jpa.LocalContainerEntityManagerFactoryBean]: Factory method 'entityManagerFactory' threw exception; nested exception is org.springframework.beans.factory.BeanCreationException: Error creating bean with name 'dataSource' defined in class path resource [ir/co/realtime/disaster/register/spring/PersistenceJPAConfig.class]: Bean instantiation via factory method failed; nested exception is org.springframework.beans.BeanInstantiationException: Failed to instantiate [javax.sql.DataSource]: Factory method 'dataSource' threw exception; nested exception is java.lang.IllegalStateException: Could not load JDBC driver class [com.mysql.cj.jdbc.Driver]
Caused by: org.springframework.beans.BeanInstantiationException: Failed to instantiate [org.springframework.orm.jpa.LocalContainerEntityManagerFactoryBean]: Factory method 'entityManagerFactory' threw exception; nested exception is org.springframework.beans.factory.BeanCreationException: Error creating bean with name 'dataSource' defined in class path resource [ir/co/realtime/disaster/register/spring/PersistenceJPAConfig.class]: Bean instantiation via factory method failed; nested exception is org.springframework.beans.BeanInstantiationException: Failed to instantiate [javax.sql.DataSource]: Factory method 'dataSource' threw exception; nested exception is java.lang.IllegalStateException: Could not load JDBC driver class [com.mysql.cj.jdbc.Driver]
Caused by: org.springframework.beans.factory.BeanCreationException: Error creating bean with name 'dataSource' defined in class path resource [ir/co/realtime/disaster/register/spring/PersistenceJPAConfig.class]: Bean instantiation via factory method failed; nested exception is org.springframework.beans.BeanInstantiationException: Failed to instantiate [javax.sql.DataSource]: Factory method 'dataSource' threw exception; nested exception is java.lang.IllegalStateException: Could not load JDBC driver class [com.mysql.cj.jdbc.Driver]
Caused by: org.springframework.beans.BeanInstantiationException: Failed to instantiate [javax.sql.DataSource]: Factory method 'dataSource' threw exception; nested exception is java.lang.IllegalStateException: Could not load JDBC driver class [com.mysql.cj.jdbc.Driver]
Caused by: java.lang.IllegalStateException: Could not load JDBC driver class [com.mysql.cj.jdbc.Driver]
Caused by: java.lang.ClassNotFoundException: com.mysql.cj.jdbc.Driver
</error>
    <system-out><![CDATA[
  .   ____          _            __ _ _
 /\\ / ___'_ __ _ _(_)_ __  __ _ \ \ \ \
( ( )\___ | '_ | '_| | '_ \/ _` | \ \ \ \
 \\/  ___)| |_)| | | | | || (_| |  ) ) ) )
  '  |____| .__|_| |_|_| |_\__, | / / / /
 =========|_|==============|___/=/_/_/_/
 :: Spring Boot ::        (v2.0.4.RELEASE)

web - 2019-04-11 14:13:14,529 [main] INFO  i.c.r.d.DisasterApplicationTests - Starting DisasterApplicationTests on alemi with PID 17131 (started by mehdi in /home/mehdi/projects/disaster-repo)
web - 2019-04-11 14:13:14,535 [main] DEBUG i.c.r.d.DisasterApplicationTests - Running with Spring Boot v2.0.4.RELEASE, Spring v5.0.8.RELEASE
web - 2019-04-11 14:13:14,539 [main] INFO  i.c.r.d.DisasterApplicationTests - No active profile set, falling back to default profiles: default
web - 2019-04-11 14:13:18,392 [main] WARN  o.s.w.c.s.GenericWebApplicationContext - Exception encountered during context initialization - cancelling refresh attempt: org.springframework.beans.factory.BeanCreationException: Error creating bean with name 'entityManagerFactory' defined in class path resource [ir/co/realtime/disaster/register/spring/PersistenceJPAConfig.class]: Bean instantiation via factory method failed; nested exception is org.springframework.beans.BeanInstantiationException: Failed to instantiate [org.springframework.orm.jpa.LocalContainerEntityManagerFactoryBean]: Factory method 'entityManagerFactory' threw exception; nested exception is org.springframework.beans.factory.BeanCreationException: Error creating bean with name 'dataSource' defined in class path resource [ir/co/realtime/disaster/register/spring/PersistenceJPAConfig.class]: Bean instantiation via factory method failed; nested exception is org.springframework.beans.BeanInstantiationException: Failed to instantiate [javax.sql.DataSource]: Factory method 'dataSource' threw exception; nested exception is java.lang.IllegalStateException: Could not load JDBC driver class [com.mysql.cj.jdbc.Driver]
web - 2019-04-11 14:13:18,417 [main] ERROR o.s.b.SpringApplication - Application run failed
o.s.b.f.BeanCreationException: Error creating bean with name 'entityManagerFactory' defined in class path resource [ir/co/realtime/disaster/register/spring/PersistenceJPAConfig.class]: Bean instantiation via factory method failed; nested exception is org.springframework.beans.BeanInstantiationException: Failed to instantiate [org.springframework.orm.jpa.LocalContainerEntityManagerFactoryBean]: Factory method 'entityManagerFactory' threw exception; nested exception is org.springframework.beans.factory.BeanCreationException: Error creating bean with name 'dataSource' defined in class path resource [ir/co/realtime/disaster/register/spring/PersistenceJPAConfig.class]: Bean instantiation via factory method failed; nested exception is org.springframework.beans.BeanInstantiationException: Failed to instantiate [javax.sql.DataSource]: Factory method 'dataSource' threw exception; nested exception is java.lang.IllegalStateException: Could not load JDBC driver class [com.mysql.cj.jdbc.Driver]
	at o.s.b.f.s.ConstructorResolver.instantiateUsingFactoryMethod(ConstructorResolver.java:590)
	at o.s.b.f.s.AbstractAutowireCapableBeanFactory.instantiateUsingFactoryMethod(AbstractAutowireCapableBeanFactory.java:1247)
	at o.s.b.f.s.AbstractAutowireCapableBeanFactory.createBeanInstance(AbstractAutowireCapableBeanFactory.java:1096)
	at o.s.b.f.s.AbstractAutowireCapableBeanFactory.doCreateBean(AbstractAutowireCapableBeanFactory.java:535)
	at o.s.b.f.s.AbstractAutowireCapableBeanFactory.createBean(AbstractAutowireCapableBeanFactory.java:495)
	... 40 frames truncated
Caused by: o.s.b.BeanInstantiationException: Failed to instantiate [org.springframework.orm.jpa.LocalContainerEntityManagerFactoryBean]: Factory method 'entityManagerFactory' threw exception; nested exception is org.springframework.beans.factory.BeanCreationException: Error creating bean with name 'dataSource' defined in class path resource [ir/co/realtime/disaster/register/spring/PersistenceJPAConfig.class]: Bean instantiation via factory method failed; nested exception is org.springframework.beans.BeanInstantiationException: Failed to instantiate [javax.sql.DataSource]: Factory method 'dataSource' threw exception; nested exception is java.lang.IllegalStateException: Could not load JDBC driver class [com.mysql.cj.jdbc.Driver]
	at o.s.b.f.s.SimpleInstantiationStrategy.instantiate(SimpleInstantiationStrategy.java:185)
	at o.s.b.f.s.ConstructorResolver.instantiateUsingFactoryMethod(ConstructorResolver.java:582)
	... 44 common frames omitted
Caused by: o.s.b.f.BeanCreationException: Error creating bean with name 'dataSource' defined in class path resource [ir/co/realtime/disaster/register/spring/PersistenceJPAConfig.class]: Bean instantiation via factory method failed; nested exception is org.springframework.beans.BeanInstantiationException: Failed to instantiate [javax.sql.DataSource]: Factory method 'dataSource' threw exception; nested exception is java.lang.IllegalStateException: Could not load JDBC driver class [com.mysql.cj.jdbc.Driver]
	at o.s.b.f.s.ConstructorResolver.instantiateUsingFactoryMethod(ConstructorResolver.java:590)
	at o.s.b.f.s.AbstractAutowireCapableBeanFactory.instantiateUsingFactoryMethod(AbstractAutowireCapableBeanFactory.java:1247)
	at o.s.b.f.s.AbstractAutowireCapableBeanFactory.createBeanInstance(AbstractAutowireCapableBeanFactory.java:1096)
	at o.s.b.f.s.AbstractAutowireCapableBeanFactory.doCreateBean(AbstractAutowireCapableBeanFactory.java:535)
	at o.s.b.f.s.AbstractAutowireCapableBeanFactory.createBean(AbstractAutowireCapableBeanFactory.java:495)
	... 18 frames truncated
	... 45 common frames omitted
Caused by: o.s.b.BeanInstantiationException: Failed to instantiate [javax.sql.DataSource]: Factory method 'dataSource' threw exception; nested exception is java.lang.IllegalStateException: Could not load JDBC driver class [com.mysql.cj.jdbc.Driver]
	at o.s.b.f.s.SimpleInstantiationStrategy.instantiate(SimpleInstantiationStrategy.java:185)
	at o.s.b.f.s.ConstructorResolver.instantiateUsingFactoryMethod(ConstructorResolver.java:582)
	... 67 common frames omitted
Caused by: j.l.IllegalStateException: Could not load JDBC driver class [com.mysql.cj.jdbc.Driver]
	at o.s.j.d.DriverManagerDataSource.setDriverClassName(DriverManagerDataSource.java:130)
	at i.c.r.d.r.s.PersistenceJPAConfig.dataSource(PersistenceJPAConfig.java:51)
	at i.c.r.d.r.s.PersistenceJPAConfig$$EnhancerBySpringCGLIB$$f0c715af.CGLIB$dataSource$1(<generated>)
	at i.c.r.d.r.s.PersistenceJPAConfig$$EnhancerBySpringCGLIB$$f0c715af$$FastClassBySpringCGLIB$$12076985.invoke(<generated>)
	at o.s.c.p.MethodProxy.invokeSuper(MethodProxy.java:228)
	... 7 frames truncated
	... 68 common frames omitted
Caused by: j.l.ClassNotFoundException: com.mysql.cj.jdbc.Driver
	at j.n.URLClassLoader.findClass(URLClassLoader.java:381)
	at j.l.ClassLoader.loadClass(ClassLoader.java:424)
	at s.m.Launcher$AppClassLoader.loadClass(Launcher.java:335)
	at j.l.ClassLoader.loadClass(ClassLoader.java:357)
	at j.l.Class.forName0(Class.java)
	... 2 frames truncated
	... 79 common frames omitted
web - 2019-04-11 14:13:18,421 [main] ERROR o.s.t.c.TestContextManager - Caught exception while allowing TestExecutionListener [org.springframework.test.context.web.ServletTestExecutionListener@9d3c67] to prepare test instance [ir.co.realtime.disaster.DisasterApplicationTests@6c806c8b]
j.l.IllegalStateException: Failed to load ApplicationContext
	at o.s.t.c.c.DefaultCacheAwareContextLoaderDelegate.loadContext(DefaultCacheAwareContextLoaderDelegate.java:125)
	at o.s.t.c.s.DefaultTestContext.getApplicationContext(DefaultTestContext.java:108)
	at o.s.t.c.w.ServletTestExecutionListener.setUpRequestContextIfNecessary(ServletTestExecutionListener.java:190)
	at o.s.t.c.w.ServletTestExecutionListener.prepareTestInstance(ServletTestExecutionListener.java:132)
	at o.s.t.c.TestContextManager.prepareTestInstance(TestContextManager.java:246)
	... 23 frames truncated
Caused by: o.s.b.f.BeanCreationException: Error creating bean with name 'entityManagerFactory' defined in class path resource [ir/co/realtime/disaster/register/spring/PersistenceJPAConfig.class]: Bean instantiation via factory method failed; nested exception is org.springframework.beans.BeanInstantiationException: Failed to instantiate [org.springframework.orm.jpa.LocalContainerEntityManagerFactoryBean]: Factory method 'entityManagerFactory' threw exception; nested exception is org.springframework.beans.factory.BeanCreationException: Error creating bean with name 'dataSource' defined in class path resource [ir/co/realtime/disaster/register/spring/PersistenceJPAConfig.class]: Bean instantiation via factory method failed; nested exception is org.springframework.beans.BeanInstantiationException: Failed to instantiate [javax.sql.DataSource]: Factory method 'dataSource' threw exception; nested exception is java.lang.IllegalStateException: Could not load JDBC driver class [com.mysql.cj.jdbc.Driver]
	at o.s.b.f.s.ConstructorResolver.instantiateUsingFactoryMethod(ConstructorResolver.java:590)
	at o.s.b.f.s.AbstractAutowireCapableBeanFactory.instantiateUsingFactoryMethod(AbstractAutowireCapableBeanFactory.java:1247)
	at o.s.b.f.s.AbstractAutowireCapableBeanFactory.createBeanInstance(AbstractAutowireCapableBeanFactory.java:1096)
	at o.s.b.f.s.AbstractAutowireCapableBeanFactory.doCreateBean(AbstractAutowireCapableBeanFactory.java:535)
	at o.s.b.f.s.AbstractAutowireCapableBeanFactory.createBean(AbstractAutowireCapableBeanFactory.java:495)
	... 13 frames truncated
	... 27 common frames omitted
Caused by: o.s.b.BeanInstantiationException: Failed to instantiate [org.springframework.orm.jpa.LocalContainerEntityManagerFactoryBean]: Factory method 'entityManagerFactory' threw exception; nested exception is org.springframework.beans.factory.BeanCreationException: Error creating bean with name 'dataSource' defined in class path resource [ir/co/realtime/disaster/register/spring/PersistenceJPAConfig.class]: Bean instantiation via factory method failed; nested exception is org.springframework.beans.BeanInstantiationException: Failed to instantiate [javax.sql.DataSource]: Factory method 'dataSource' threw exception; nested exception is java.lang.IllegalStateException: Could not load JDBC driver class [com.mysql.cj.jdbc.Driver]
	at o.s.b.f.s.SimpleInstantiationStrategy.instantiate(SimpleInstantiationStrategy.java:185)
	at o.s.b.f.s.ConstructorResolver.instantiateUsingFactoryMethod(ConstructorResolver.java:582)
	... 44 common frames omitted
Caused by: o.s.b.f.BeanCreationException: Error creating bean with name 'dataSource' defined in class path resource [ir/co/realtime/disaster/register/spring/PersistenceJPAConfig.class]: Bean instantiation via factory method failed; nested exception is org.springframework.beans.BeanInstantiationException: Failed to instantiate [javax.sql.DataSource]: Factory method 'dataSource' threw exception; nested exception is java.lang.IllegalStateException: Could not load JDBC driver class [com.mysql.cj.jdbc.Driver]
	at o.s.b.f.s.ConstructorResolver.instantiateUsingFactoryMethod(ConstructorResolver.java:590)
	at o.s.b.f.s.AbstractAutowireCapableBeanFactory.instantiateUsingFactoryMethod(AbstractAutowireCapableBeanFactory.java:1247)
	at o.s.b.f.s.AbstractAutowireCapableBeanFactory.createBeanInstance(AbstractAutowireCapableBeanFactory.java:1096)
	at o.s.b.f.s.AbstractAutowireCapableBeanFactory.doCreateBean(AbstractAutowireCapableBeanFactory.java:535)
	at o.s.b.f.s.AbstractAutowireCapableBeanFactory.createBean(AbstractAutowireCapableBeanFactory.java:495)
	... 18 frames truncated
	... 45 common frames omitted
Caused by: o.s.b.BeanInstantiationException: Failed to instantiate [javax.sql.DataSource]: Factory method 'dataSource' threw exception; nested exception is java.lang.IllegalStateException: Could not load JDBC driver class [com.mysql.cj.jdbc.Driver]
	at o.s.b.f.s.SimpleInstantiationStrategy.instantiate(SimpleInstantiationStrategy.java:185)
	at o.s.b.f.s.ConstructorResolver.instantiateUsingFactoryMethod(ConstructorResolver.java:582)
	... 67 common frames omitted
Caused by: j.l.IllegalStateException: Could not load JDBC driver class [com.mysql.cj.jdbc.Driver]
	at o.s.j.d.DriverManagerDataSource.setDriverClassName(DriverManagerDataSource.java:130)
	at i.c.r.d.r.s.PersistenceJPAConfig.dataSource(PersistenceJPAConfig.java:51)
	at i.c.r.d.r.s.PersistenceJPAConfig$$EnhancerBySpringCGLIB$$f0c715af.CGLIB$dataSource$1(<generated>)
	at i.c.r.d.r.s.PersistenceJPAConfig$$EnhancerBySpringCGLIB$$f0c715af$$FastClassBySpringCGLIB$$12076985.invoke(<generated>)
	at o.s.c.p.MethodProxy.invokeSuper(MethodProxy.java:228)
	... 7 frames truncated
	... 68 common frames omitted
Caused by: j.l.ClassNotFoundException: com.mysql.cj.jdbc.Driver
	at j.n.URLClassLoader.findClass(URLClassLoader.java:381)
	at j.l.ClassLoader.loadClass(ClassLoader.java:424)
	at s.m.Launcher$AppClassLoader.loadClass(Launcher.java:335)
	at j.l.ClassLoader.loadClass(ClassLoader.java:357)
	at j.l.Class.forName0(Class.java)
	... 2 frames truncated
	... 79 common frames omitted
]]></system-out>
  </testcase>
</testsuite>